<?xml version="1.0" encoding="UTF-8"?>
<testsuite name="touch.baton.domain.tag.RunnerPostTagsTest" tests="1" skipped="0" failures="0" errors="0" timestamp="2023-07-19T09:28:09" hostname="seokho-MacBookAir.local" time="0.0">
  <properties/>
  <testcase name="RunnerPostTags 에 runnerPostTag 를 추가할 수 있다." classname="touch.baton.domain.tag.RunnerPostTagsTest" time="0.0"/>
  <system-out><![CDATA[]]></system-out>
  <system-err><![CDATA[]]></system-err>
</testsuite>
