<?xml version="1.0" encoding="UTF-8"?>
<testsuite name="touch.baton.domain.tag.repository.TagRepositoryTest" tests="1" skipped="0" failures="0" errors="0" timestamp="2023-07-19T09:28:09" hostname="seokho-MacBookAir.local" time="0.006">
  <properties/>
  <testcase name="이름으로 단건 검색한다." classname="touch.baton.domain.tag.repository.TagRepositoryTest" time="0.006"/>
  <system-out><![CDATA[2023-07-19T18:28:09.456+09:00  INFO 84487 --- [    Test worker] t.c.s.AnnotationConfigContextLoaderUtils : Could not detect default configuration classes for test class [touch.baton.domain.tag.repository.TagRepositoryTest]: TagRepositoryTest does not declare any static, non-private, non-final, nested classes annotated with @Configuration.
2023-07-19T18:28:09.466+09:00  INFO 84487 --- [    Test worker] .b.t.c.SpringBootTestContextBootstrapper : Found @SpringBootConfiguration touch.baton.BatonApplication for test class touch.baton.domain.tag.repository.TagRepositoryTest
2023-07-19T18:28:09.469+09:00 DEBUG 84487 --- [    Test worker] org.hibernate.SQL                        : 
    insert 
    into
        tag
        (tag_count,name,id) 
    values
        (?,?,default)
Hibernate: 
    insert 
    into
        tag
        (tag_count,name,id) 
    values
        (?,?,default)
2023-07-19T18:28:09.469+09:00 TRACE 84487 --- [    Test worker] org.hibernate.orm.jdbc.bind              : binding parameter [1] as [INTEGER] - [0]
2023-07-19T18:28:09.470+09:00 TRACE 84487 --- [    Test worker] org.hibernate.orm.jdbc.bind              : binding parameter [2] as [VARCHAR] - [Java]
2023-07-19T18:28:09.471+09:00 DEBUG 84487 --- [    Test worker] org.hibernate.SQL                        : 
    select
        t1_0.id,
        t1_0.tag_count,
        t1_0.name 
    from
        tag t1_0 
    where
        t1_0.name=?
Hibernate: 
    select
        t1_0.id,
        t1_0.tag_count,
        t1_0.name 
    from
        tag t1_0 
    where
        t1_0.name=?
2023-07-19T18:28:09.472+09:00 TRACE 84487 --- [    Test worker] org.hibernate.orm.jdbc.bind              : binding parameter [1] as [VARCHAR] - [Java]
]]></system-out>
  <system-err><![CDATA[]]></system-err>
</testsuite>
