<?xml version="1.0" encoding="UTF-8"?>
<testsuite name="touch.baton.domain.common.vo.ChattingRoomCountTest" tests="1" skipped="0" failures="0" errors="0" timestamp="2023-07-19T09:28:07" hostname="seokho-MacBookAir.local" time="0.023">
  <properties/>
  <testcase name="기본 채팅수를 가진 ChattingRoomCount 를 생성할 수 있다." classname="touch.baton.domain.common.vo.ChattingRoomCountTest" time="0.023"/>
  <system-out><![CDATA[]]></system-out>
  <system-err><![CDATA[]]></system-err>
</testsuite>
