<?xml version="1.0" encoding="UTF-8"?>
<testsuite name="touch.baton.BatonApplicationTests" tests="1" skipped="0" failures="0" errors="0" timestamp="2023-07-30T05:49:26" hostname="seokho-MacBookAir.local" time="0.361">
  <properties/>
  <testcase name="contextLoads()" classname="touch.baton.BatonApplicationTests" time="0.361"/>
  <system-out><![CDATA[14:49:22.777 [Test worker] INFO org.springframework.test.context.support.AnnotationConfigContextLoaderUtils -- Could not detect default configuration classes for test class [touch.baton.BatonApplicationTests]: BatonApplicationTests does not declare any static, non-private, non-final, nested classes annotated with @Configuration.
14:49:22.846 [Test worker] INFO org.springframework.boot.test.context.SpringBootTestContextBootstrapper -- Found @SpringBootConfiguration touch.baton.BatonApplication for test class touch.baton.BatonApplicationTests

  .   ____          _            __ _ _
 /\\ / ___'_ __ _ _(_)_ __  __ _ \ \ \ \
( ( )\___ | '_ | '_| | '_ \/ _` | \ \ \ \
 \\/  ___)| |_)| | | | | || (_| |  ) ) ) )
  '  |____| .__|_| |_|_| |_\__, | / / / /
 =========|_|==============|___/=/_/_/_/
 :: Spring Boot ::                (v3.1.1)

2023-07-30T14:49:23.154+09:00  INFO 27047 --- [    Test worker] touch.baton.BatonApplicationTests        : Starting BatonApplicationTests using Java 17.0.8 with PID 27047 (started by seokho in /Users/seokho/Desktop/github-actions-playground/baton)
2023-07-30T14:49:23.155+09:00  INFO 27047 --- [    Test worker] touch.baton.BatonApplicationTests        : No active profile set, falling back to 1 default profile: "default"
2023-07-30T14:49:23.564+09:00  INFO 27047 --- [    Test worker] .s.d.r.c.RepositoryConfigurationDelegate : Bootstrapping Spring Data JPA repositories in DEFAULT mode.
2023-07-30T14:49:23.598+09:00  INFO 27047 --- [    Test worker] .s.d.r.c.RepositoryConfigurationDelegate : Finished Spring Data repository scanning in 31 ms. Found 6 JPA repository interfaces.
2023-07-30T14:49:23.808+09:00  INFO 27047 --- [    Test worker] o.hibernate.jpa.internal.util.LogHelper  : HHH000204: Processing PersistenceUnitInfo [name: default]
2023-07-30T14:49:23.828+09:00  INFO 27047 --- [    Test worker] org.hibernate.Version                    : HHH000412: Hibernate ORM core version 6.2.5.Final
2023-07-30T14:49:23.829+09:00  INFO 27047 --- [    Test worker] org.hibernate.cfg.Environment            : HHH000406: Using bytecode reflection optimizer
2023-07-30T14:49:23.946+09:00  INFO 27047 --- [    Test worker] o.h.b.i.BytecodeProviderInitiator        : HHH000021: Bytecode provider name : bytebuddy
2023-07-30T14:49:24.016+09:00  INFO 27047 --- [    Test worker] o.s.o.j.p.SpringPersistenceUnitInfo      : No LoadTimeWeaver setup: ignoring JPA class transformer
2023-07-30T14:49:24.023+09:00  INFO 27047 --- [    Test worker] com.zaxxer.hikari.HikariDataSource       : HikariPool-1 - Starting...
2023-07-30T14:49:24.104+09:00  INFO 27047 --- [    Test worker] com.zaxxer.hikari.pool.HikariPool        : HikariPool-1 - Added connection conn0: url=jdbc:h2:mem:6ec238f6-1d22-4826-8df8-c0f7d6b4dbf7 user=SA
2023-07-30T14:49:24.105+09:00  INFO 27047 --- [    Test worker] com.zaxxer.hikari.HikariDataSource       : HikariPool-1 - Start completed.
2023-07-30T14:49:24.403+09:00  INFO 27047 --- [    Test worker] o.h.b.i.BytecodeProviderInitiator        : HHH000021: Bytecode provider name : bytebuddy
2023-07-30T14:49:25.093+09:00  INFO 27047 --- [    Test worker] o.h.e.t.j.p.i.JtaPlatformInitiator       : HHH000490: Using JtaPlatform implementation: [org.hibernate.engine.transaction.jta.platform.internal.NoJtaPlatform]
2023-07-30T14:49:25.104+09:00 DEBUG 27047 --- [    Test worker] org.hibernate.SQL                        : 
    drop table if exists member cascade 
2023-07-30T14:49:25.107+09:00 DEBUG 27047 --- [    Test worker] org.hibernate.SQL                        : 
    drop table if exists runner cascade 
2023-07-30T14:49:25.107+09:00 DEBUG 27047 --- [    Test worker] org.hibernate.SQL                        : 
    drop table if exists runner_post cascade 
2023-07-30T14:49:25.107+09:00 DEBUG 27047 --- [    Test worker] org.hibernate.SQL                        : 
    drop table if exists runner_post_tag cascade 
2023-07-30T14:49:25.107+09:00 DEBUG 27047 --- [    Test worker] org.hibernate.SQL                        : 
    drop table if exists supporter cascade 
2023-07-30T14:49:25.107+09:00 DEBUG 27047 --- [    Test worker] org.hibernate.SQL                        : 
    drop table if exists tag cascade 
2023-07-30T14:49:25.110+09:00 DEBUG 27047 --- [    Test worker] org.hibernate.SQL                        : 
    create table member (
        created_at timestamp(6) not null,
        deleted_at timestamp(6),
        id bigint generated by default as identity,
        updated_at timestamp(6) not null,
        company varchar(255) not null,
        email varchar(255) not null,
        github_url varchar(255) not null,
        image_url varchar(255) not null,
        name varchar(255) not null,
        oauth_id varchar(255) not null,
        primary key (id)
    )
2023-07-30T14:49:25.116+09:00 DEBUG 27047 --- [    Test worker] org.hibernate.SQL                        : 
    create table runner (
        total_rating integer default 0 not null,
        created_at timestamp(6) not null,
        deleted_at timestamp(6),
        id bigint generated by default as identity,
        member_id bigint not null unique,
        updated_at timestamp(6) not null,
        grade varchar(255) check (grade in ('BARE_FOOT')),
        primary key (id)
    )
2023-07-30T14:49:25.121+09:00 DEBUG 27047 --- [    Test worker] org.hibernate.SQL                        : 
    create table runner_post (
        chatting_room_count integer default 0 not null,
        watch_count integer default 0 not null,
        created_at timestamp(6) not null,
        deadline timestamp(6) not null,
        deleted_at timestamp(6),
        id bigint generated by default as identity,
        runner_id bigint not null,
        supporter_id bigint unique,
        updated_at timestamp(6) not null,
        pull_request_url varchar(2083) not null,
        contents TEXT not null,
        title varchar(255) not null,
        primary key (id)
    )
2023-07-30T14:49:25.126+09:00 DEBUG 27047 --- [    Test worker] org.hibernate.SQL                        : 
    create table runner_post_tag (
        id bigint generated by default as identity,
        runner_post_id bigint not null,
        tag_id bigint not null,
        primary key (id)
    )
2023-07-30T14:49:25.127+09:00 DEBUG 27047 --- [    Test worker] org.hibernate.SQL                        : 
    create table supporter (
        review_count integer default 0,
        star_count integer default 0 not null,
        total_rating integer default 0 not null,
        created_at timestamp(6) not null,
        deleted_at timestamp(6),
        id bigint generated by default as identity,
        member_id bigint not null unique,
        updated_at timestamp(6) not null,
        grade varchar(255) check (grade in ('BARE_FOOT')),
        primary key (id)
    )
2023-07-30T14:49:25.130+09:00 DEBUG 27047 --- [    Test worker] org.hibernate.SQL                        : 
    create table tag (
        tag_count integer default 1 not null,
        id bigint generated by default as identity,
        name varchar(255) not null unique,
        primary key (id)
    )
2023-07-30T14:49:25.131+09:00 DEBUG 27047 --- [    Test worker] org.hibernate.SQL                        : 
    alter table if exists runner 
       add constraint fk_runner_member 
       foreign key (member_id) 
       references member
2023-07-30T14:49:25.141+09:00 DEBUG 27047 --- [    Test worker] org.hibernate.SQL                        : 
    alter table if exists runner_post 
       add constraint fk_runner_post_runner 
       foreign key (runner_id) 
       references runner
2023-07-30T14:49:25.142+09:00 DEBUG 27047 --- [    Test worker] org.hibernate.SQL                        : 
    alter table if exists runner_post 
       add constraint fk_runner_post_supporter 
       foreign key (supporter_id) 
       references supporter
2023-07-30T14:49:25.143+09:00 DEBUG 27047 --- [    Test worker] org.hibernate.SQL                        : 
    alter table if exists runner_post_tag 
       add constraint FKdxuwha2wuo61hv7e9h0g2hd9c 
       foreign key (runner_post_id) 
       references runner_post
2023-07-30T14:49:25.145+09:00 DEBUG 27047 --- [    Test worker] org.hibernate.SQL                        : 
    alter table if exists runner_post_tag 
       add constraint FKg31ppfu66xpw9cwq7j44kgsfb 
       foreign key (tag_id) 
       references tag
2023-07-30T14:49:25.147+09:00 DEBUG 27047 --- [    Test worker] org.hibernate.SQL                        : 
    alter table if exists supporter 
       add constraint fk_supporter_member 
       foreign key (member_id) 
       references member
2023-07-30T14:49:25.151+09:00  INFO 27047 --- [    Test worker] j.LocalContainerEntityManagerFactoryBean : Initialized JPA EntityManagerFactory for persistence unit 'default'
2023-07-30T14:49:25.377+09:00  INFO 27047 --- [    Test worker] o.s.d.j.r.query.QueryEnhancerFactory     : Hibernate is in classpath; If applicable, HQL parser will be used.
2023-07-30T14:49:25.891+09:00  WARN 27047 --- [    Test worker] JpaBaseConfiguration$JpaWebConfiguration : spring.jpa.open-in-view is enabled by default. Therefore, database queries may be performed during view rendering. Explicitly configure spring.jpa.open-in-view to disable this warning
2023-07-30T14:49:26.095+09:00  WARN 27047 --- [    Test worker] ion$DefaultTemplateResolverConfiguration : Cannot find template location: classpath:/templates/ (please add some templates, check your Thymeleaf configuration, or set spring.thymeleaf.check-template-location=false)
2023-07-30T14:49:26.178+09:00  INFO 27047 --- [    Test worker] touch.baton.BatonApplicationTests        : Started BatonApplicationTests in 3.261 seconds (process running for 3.947)
]]></system-out>
  <system-err><![CDATA[]]></system-err>
</testsuite>
