<?xml version="1.0" encoding="UTF-8"?>
<testsuite name="touch.baton.domain.runnerpost.controller.RunnerPostControllerCreateTest" tests="1" skipped="0" failures="0" errors="0" timestamp="2023-07-30T05:41:28" hostname="seokho-MacBookAir.local" time="0.071">
  <properties/>
  <testcase name="러너_게시글_등록에_성공한다()" classname="touch.baton.domain.runnerpost.controller.RunnerPostControllerCreateTest" time="0.071"/>
  <system-out><![CDATA[2023-07-30T14:41:28.271+09:00  INFO 25827 --- [    Test worker] t.c.s.AnnotationConfigContextLoaderUtils : Could not detect default configuration classes for test class [touch.baton.domain.runnerpost.controller.RunnerPostControllerCreateTest]: RunnerPostControllerCreateTest does not declare any static, non-private, non-final, nested classes annotated with @Configuration.
2023-07-30T14:41:28.284+09:00  INFO 25827 --- [    Test worker] .b.t.c.SpringBootTestContextBootstrapper : Found @SpringBootConfiguration touch.baton.BatonApplication for test class touch.baton.domain.runnerpost.controller.RunnerPostControllerCreateTest
2023-07-30T14:41:28.289+09:00 DEBUG 25827 --- [    Test worker] org.hibernate.SQL                        : 
    insert 
    into
        member
        (company,created_at,deleted_at,email,github_url,image_url,name,oauth_id,updated_at,id) 
    values
        (?,?,?,?,?,?,?,?,?,default)
2023-07-30T14:41:28.290+09:00 TRACE 25827 --- [    Test worker] org.hibernate.orm.jdbc.bind              : binding parameter [1] as [VARCHAR] - [우아한형제들]
2023-07-30T14:41:28.290+09:00 TRACE 25827 --- [    Test worker] org.hibernate.orm.jdbc.bind              : binding parameter [2] as [TIMESTAMP] - [2023-07-30T14:41:28.289616]
2023-07-30T14:41:28.290+09:00 TRACE 25827 --- [    Test worker] org.hibernate.orm.jdbc.bind              : binding parameter [3] as [TIMESTAMP] - [null]
2023-07-30T14:41:28.290+09:00 TRACE 25827 --- [    Test worker] org.hibernate.orm.jdbc.bind              : binding parameter [4] as [VARCHAR] - [test@test.co.kr]
2023-07-30T14:41:28.290+09:00 TRACE 25827 --- [    Test worker] org.hibernate.orm.jdbc.bind              : binding parameter [5] as [VARCHAR] - [github.com/hyena0608]
2023-07-30T14:41:28.290+09:00 TRACE 25827 --- [    Test worker] org.hibernate.orm.jdbc.bind              : binding parameter [6] as [VARCHAR] - [홍혁준]
2023-07-30T14:41:28.290+09:00 TRACE 25827 --- [    Test worker] org.hibernate.orm.jdbc.bind              : binding parameter [7] as [VARCHAR] - [헤에디주]
2023-07-30T14:41:28.290+09:00 TRACE 25827 --- [    Test worker] org.hibernate.orm.jdbc.bind              : binding parameter [8] as [VARCHAR] - [dsigjh98gh230gn2oinv913bcuo23nqovbvu93b12voi3bc31j]
2023-07-30T14:41:28.290+09:00 TRACE 25827 --- [    Test worker] org.hibernate.orm.jdbc.bind              : binding parameter [9] as [TIMESTAMP] - [2023-07-30T14:41:28.289616]
2023-07-30T14:41:28.291+09:00 DEBUG 25827 --- [    Test worker] org.hibernate.SQL                        : 
    insert 
    into
        runner
        (created_at,deleted_at,grade,member_id,total_rating,updated_at,id) 
    values
        (?,?,?,?,?,?,default)
2023-07-30T14:41:28.291+09:00 TRACE 25827 --- [    Test worker] org.hibernate.orm.jdbc.bind              : binding parameter [1] as [TIMESTAMP] - [2023-07-30T14:41:28.291006]
2023-07-30T14:41:28.291+09:00 TRACE 25827 --- [    Test worker] org.hibernate.orm.jdbc.bind              : binding parameter [2] as [TIMESTAMP] - [null]
2023-07-30T14:41:28.291+09:00 TRACE 25827 --- [    Test worker] org.hibernate.orm.jdbc.bind              : binding parameter [3] as [VARCHAR] - [BARE_FOOT]
2023-07-30T14:41:28.291+09:00 TRACE 25827 --- [    Test worker] org.hibernate.orm.jdbc.bind              : binding parameter [4] as [BIGINT] - [3]
2023-07-30T14:41:28.291+09:00 TRACE 25827 --- [    Test worker] org.hibernate.orm.jdbc.bind              : binding parameter [5] as [INTEGER] - [100]
2023-07-30T14:41:28.291+09:00 TRACE 25827 --- [    Test worker] org.hibernate.orm.jdbc.bind              : binding parameter [6] as [TIMESTAMP] - [2023-07-30T14:41:28.291006]
Request method:	POST
Request URI:	http://localhost:59750/api/v1/posts/runner
Proxy:			<none>
Request params:	<none>
Query params:	<none>
Form params:	<none>
Path params:	<none>
Headers:		Accept=*/*
				Content-Type=application/json
Cookies:		<none>
Multiparts:		<none>
Body:
{
    "title": "코드 리뷰 해주세요.",
    "tags": [
        "Java",
        "Spring"
    ],
    "pullRequestUrl": "https://github.com/cookienc",
    "deadline": "2099-12-12T00:00",
    "contents": "싸게 부탁드려요."
}
2023-07-30T14:41:28.338+09:00 DEBUG 25827 --- [o-auto-1-exec-5] org.hibernate.SQL                        : 
    select
        r1_0.id,
        r1_0.created_at,
        r1_0.deleted_at,
        r1_0.grade,
        r1_0.member_id,
        r1_0.total_rating,
        r1_0.updated_at 
    from
        runner r1_0 
    join
        member m1_0 
            on m1_0.id=r1_0.member_id 
    where
        r1_0.id=?
2023-07-30T14:41:28.338+09:00 TRACE 25827 --- [o-auto-1-exec-5] org.hibernate.orm.jdbc.bind              : binding parameter [1] as [BIGINT] - [1]
2023-07-30T14:41:28.340+09:00 DEBUG 25827 --- [o-auto-1-exec-5] org.hibernate.SQL                        : 
    insert 
    into
        runner_post
        (chatting_room_count,contents,created_at,deadline,deleted_at,pull_request_url,runner_id,supporter_id,title,updated_at,watch_count,id) 
    values
        (?,?,?,?,?,?,?,?,?,?,?,default)
2023-07-30T14:41:28.340+09:00 TRACE 25827 --- [o-auto-1-exec-5] org.hibernate.orm.jdbc.bind              : binding parameter [1] as [INTEGER] - [0]
2023-07-30T14:41:28.340+09:00 TRACE 25827 --- [o-auto-1-exec-5] org.hibernate.orm.jdbc.bind              : binding parameter [2] as [VARCHAR] - [싸게 부탁드려요.]
2023-07-30T14:41:28.340+09:00 TRACE 25827 --- [o-auto-1-exec-5] org.hibernate.orm.jdbc.bind              : binding parameter [3] as [TIMESTAMP] - [2023-07-30T14:41:28.339856]
2023-07-30T14:41:28.340+09:00 TRACE 25827 --- [o-auto-1-exec-5] org.hibernate.orm.jdbc.bind              : binding parameter [4] as [TIMESTAMP] - [2099-12-12T00:00]
2023-07-30T14:41:28.340+09:00 TRACE 25827 --- [o-auto-1-exec-5] org.hibernate.orm.jdbc.bind              : binding parameter [5] as [TIMESTAMP] - [null]
2023-07-30T14:41:28.340+09:00 TRACE 25827 --- [o-auto-1-exec-5] org.hibernate.orm.jdbc.bind              : binding parameter [6] as [VARCHAR] - [https://github.com/cookienc]
2023-07-30T14:41:28.340+09:00 TRACE 25827 --- [o-auto-1-exec-5] org.hibernate.orm.jdbc.bind              : binding parameter [7] as [BIGINT] - [1]
2023-07-30T14:41:28.340+09:00 TRACE 25827 --- [o-auto-1-exec-5] org.hibernate.orm.jdbc.bind              : binding parameter [8] as [BIGINT] - [null]
2023-07-30T14:41:28.340+09:00 TRACE 25827 --- [o-auto-1-exec-5] org.hibernate.orm.jdbc.bind              : binding parameter [9] as [VARCHAR] - [코드 리뷰 해주세요.]
2023-07-30T14:41:28.340+09:00 TRACE 25827 --- [o-auto-1-exec-5] org.hibernate.orm.jdbc.bind              : binding parameter [10] as [TIMESTAMP] - [2023-07-30T14:41:28.339856]
2023-07-30T14:41:28.340+09:00 TRACE 25827 --- [o-auto-1-exec-5] org.hibernate.orm.jdbc.bind              : binding parameter [11] as [INTEGER] - [0]
2023-07-30T14:41:28.346+09:00 DEBUG 25827 --- [o-auto-1-exec-5] org.hibernate.SQL                        : 
    select
        t1_0.id,
        t1_0.tag_count,
        t1_0.name 
    from
        tag t1_0 
    where
        t1_0.name=?
2023-07-30T14:41:28.346+09:00 TRACE 25827 --- [o-auto-1-exec-5] org.hibernate.orm.jdbc.bind              : binding parameter [1] as [VARCHAR] - [Java]
2023-07-30T14:41:28.347+09:00 DEBUG 25827 --- [o-auto-1-exec-5] org.hibernate.SQL                        : 
    insert 
    into
        tag
        (tag_count,name,id) 
    values
        (?,?,default)
2023-07-30T14:41:28.347+09:00 TRACE 25827 --- [o-auto-1-exec-5] org.hibernate.orm.jdbc.bind              : binding parameter [1] as [INTEGER] - [1]
2023-07-30T14:41:28.347+09:00 TRACE 25827 --- [o-auto-1-exec-5] org.hibernate.orm.jdbc.bind              : binding parameter [2] as [VARCHAR] - [Java]
2023-07-30T14:41:28.348+09:00 DEBUG 25827 --- [o-auto-1-exec-5] org.hibernate.SQL                        : 
    select
        t1_0.id,
        t1_0.tag_count,
        t1_0.name 
    from
        tag t1_0 
    where
        t1_0.name=?
2023-07-30T14:41:28.348+09:00 TRACE 25827 --- [o-auto-1-exec-5] org.hibernate.orm.jdbc.bind              : binding parameter [1] as [VARCHAR] - [Spring]
2023-07-30T14:41:28.349+09:00 DEBUG 25827 --- [o-auto-1-exec-5] org.hibernate.SQL                        : 
    insert 
    into
        tag
        (tag_count,name,id) 
    values
        (?,?,default)
2023-07-30T14:41:28.349+09:00 TRACE 25827 --- [o-auto-1-exec-5] org.hibernate.orm.jdbc.bind              : binding parameter [1] as [INTEGER] - [1]
2023-07-30T14:41:28.349+09:00 TRACE 25827 --- [o-auto-1-exec-5] org.hibernate.orm.jdbc.bind              : binding parameter [2] as [VARCHAR] - [Spring]
2023-07-30T14:41:28.349+09:00 DEBUG 25827 --- [o-auto-1-exec-5] org.hibernate.SQL                        : 
    insert 
    into
        runner_post_tag
        (runner_post_id,tag_id,id) 
    values
        (?,?,default)
2023-07-30T14:41:28.349+09:00 TRACE 25827 --- [o-auto-1-exec-5] org.hibernate.orm.jdbc.bind              : binding parameter [1] as [BIGINT] - [3]
2023-07-30T14:41:28.349+09:00 TRACE 25827 --- [o-auto-1-exec-5] org.hibernate.orm.jdbc.bind              : binding parameter [2] as [BIGINT] - [1]
2023-07-30T14:41:28.350+09:00 DEBUG 25827 --- [o-auto-1-exec-5] org.hibernate.SQL                        : 
    insert 
    into
        runner_post_tag
        (runner_post_id,tag_id,id) 
    values
        (?,?,default)
2023-07-30T14:41:28.350+09:00 TRACE 25827 --- [o-auto-1-exec-5] org.hibernate.orm.jdbc.bind              : binding parameter [1] as [BIGINT] - [3]
2023-07-30T14:41:28.350+09:00 TRACE 25827 --- [o-auto-1-exec-5] org.hibernate.orm.jdbc.bind              : binding parameter [2] as [BIGINT] - [2]
HTTP/1.1 201 
Location: /api/v1/posts/runner/3
Content-Length: 0
Date: Sun, 30 Jul 2023 05:41:27 GMT
Keep-Alive: timeout=60
Connection: keep-alive
]]></system-out>
  <system-err><![CDATA[]]></system-err>
</testsuite>
