<?xml version="1.0" encoding="UTF-8"?>
<testsuite name="touch.baton.domain.tag.TagTest" tests="2" skipped="0" failures="0" errors="0" timestamp="2023-07-30T05:45:39" hostname="seokho-MacBookAir.local" time="0.001">
  <properties/>
  <testcase name="기본 count 를 가진 tag 를 생성할 수 있다." classname="touch.baton.domain.tag.TagTest" time="0.0"/>
  <testcase name="Tag 의 count는 1개씩 증가한다." classname="touch.baton.domain.tag.TagTest" time="0.001"/>
  <system-out><![CDATA[]]></system-out>
  <system-err><![CDATA[]]></system-err>
</testsuite>
