<?xml version="1.0" encoding="UTF-8"?>
<testsuite name="touch.baton.domain.runner.service.RunnerServiceReadTest" tests="2" skipped="0" failures="0" errors="0" timestamp="2023-07-30T05:45:37" hostname="seokho-MacBookAir.local" time="0.017">
  <properties/>
  <testcase name="식별자로 Runner 와 Member 를 조인해서 조회할 때, 식별자에 해당하는 데이터가 없으면 예외를 던진다." classname="touch.baton.domain.runner.service.RunnerServiceReadTest" time="0.006"/>
  <testcase name="Runner 를 Member 와 조인해서 조회할 수 있다." classname="touch.baton.domain.runner.service.RunnerServiceReadTest" time="0.01"/>
  <system-out><![CDATA[2023-07-30T14:45:37.376+09:00  INFO 26299 --- [    Test worker] t.c.s.AnnotationConfigContextLoaderUtils : Could not detect default configuration classes for test class [touch.baton.domain.runner.service.RunnerServiceReadTest]: RunnerServiceReadTest does not declare any static, non-private, non-final, nested classes annotated with @Configuration.
2023-07-30T14:45:37.387+09:00  INFO 26299 --- [    Test worker] .b.t.c.SpringBootTestContextBootstrapper : Found @SpringBootConfiguration touch.baton.BatonApplication for test class touch.baton.domain.runner.service.RunnerServiceReadTest
2023-07-30T14:45:37.390+09:00 DEBUG 26299 --- [    Test worker] org.hibernate.SQL                        : 
    insert 
    into
        member
        (company,created_at,deleted_at,email,github_url,image_url,name,oauth_id,updated_at,id) 
    values
        (?,?,?,?,?,?,?,?,?,default)
Hibernate: 
    insert 
    into
        member
        (company,created_at,deleted_at,email,github_url,image_url,name,oauth_id,updated_at,id) 
    values
        (?,?,?,?,?,?,?,?,?,default)
2023-07-30T14:45:37.390+09:00 TRACE 26299 --- [    Test worker] org.hibernate.orm.jdbc.bind              : binding parameter [1] as [VARCHAR] - [우아한형제들]
2023-07-30T14:45:37.390+09:00 TRACE 26299 --- [    Test worker] org.hibernate.orm.jdbc.bind              : binding parameter [2] as [TIMESTAMP] - [2023-07-30T14:45:37.390071]
2023-07-30T14:45:37.390+09:00 TRACE 26299 --- [    Test worker] org.hibernate.orm.jdbc.bind              : binding parameter [3] as [TIMESTAMP] - [null]
2023-07-30T14:45:37.390+09:00 TRACE 26299 --- [    Test worker] org.hibernate.orm.jdbc.bind              : binding parameter [4] as [VARCHAR] - [test@test.co.kr]
2023-07-30T14:45:37.390+09:00 TRACE 26299 --- [    Test worker] org.hibernate.orm.jdbc.bind              : binding parameter [5] as [VARCHAR] - [github.com/hyena0608]
2023-07-30T14:45:37.390+09:00 TRACE 26299 --- [    Test worker] org.hibernate.orm.jdbc.bind              : binding parameter [6] as [VARCHAR] - [홍혁준]
2023-07-30T14:45:37.390+09:00 TRACE 26299 --- [    Test worker] org.hibernate.orm.jdbc.bind              : binding parameter [7] as [VARCHAR] - [헤에디주]
2023-07-30T14:45:37.390+09:00 TRACE 26299 --- [    Test worker] org.hibernate.orm.jdbc.bind              : binding parameter [8] as [VARCHAR] - [dsigjh98gh230gn2oinv913bcuo23nqovbvu93b12voi3bc31j]
2023-07-30T14:45:37.390+09:00 TRACE 26299 --- [    Test worker] org.hibernate.orm.jdbc.bind              : binding parameter [9] as [TIMESTAMP] - [2023-07-30T14:45:37.390071]
2023-07-30T14:45:37.391+09:00 DEBUG 26299 --- [    Test worker] org.hibernate.SQL                        : 
    insert 
    into
        runner
        (created_at,deleted_at,grade,member_id,total_rating,updated_at,id) 
    values
        (?,?,?,?,?,?,default)
Hibernate: 
    insert 
    into
        runner
        (created_at,deleted_at,grade,member_id,total_rating,updated_at,id) 
    values
        (?,?,?,?,?,?,default)
2023-07-30T14:45:37.391+09:00 TRACE 26299 --- [    Test worker] org.hibernate.orm.jdbc.bind              : binding parameter [1] as [TIMESTAMP] - [2023-07-30T14:45:37.391553]
2023-07-30T14:45:37.391+09:00 TRACE 26299 --- [    Test worker] org.hibernate.orm.jdbc.bind              : binding parameter [2] as [TIMESTAMP] - [null]
2023-07-30T14:45:37.391+09:00 TRACE 26299 --- [    Test worker] org.hibernate.orm.jdbc.bind              : binding parameter [3] as [VARCHAR] - [BARE_FOOT]
2023-07-30T14:45:37.391+09:00 TRACE 26299 --- [    Test worker] org.hibernate.orm.jdbc.bind              : binding parameter [4] as [BIGINT] - [3]
2023-07-30T14:45:37.391+09:00 TRACE 26299 --- [    Test worker] org.hibernate.orm.jdbc.bind              : binding parameter [5] as [INTEGER] - [100]
2023-07-30T14:45:37.391+09:00 TRACE 26299 --- [    Test worker] org.hibernate.orm.jdbc.bind              : binding parameter [6] as [TIMESTAMP] - [2023-07-30T14:45:37.391553]
2023-07-30T14:45:37.393+09:00 DEBUG 26299 --- [    Test worker] org.hibernate.SQL                        : 
    select
        r1_0.id,
        r1_0.created_at,
        r1_0.deleted_at,
        r1_0.grade,
        r1_0.member_id,
        r1_0.total_rating,
        r1_0.updated_at 
    from
        runner r1_0 
    join
        member m1_0 
            on m1_0.id=r1_0.member_id 
    where
        r1_0.id=?
Hibernate: 
    select
        r1_0.id,
        r1_0.created_at,
        r1_0.deleted_at,
        r1_0.grade,
        r1_0.member_id,
        r1_0.total_rating,
        r1_0.updated_at 
    from
        runner r1_0 
    join
        member m1_0 
            on m1_0.id=r1_0.member_id 
    where
        r1_0.id=?
2023-07-30T14:45:37.393+09:00 TRACE 26299 --- [    Test worker] org.hibernate.orm.jdbc.bind              : binding parameter [1] as [BIGINT] - [999]
2023-07-30T14:45:37.397+09:00 DEBUG 26299 --- [    Test worker] org.hibernate.SQL                        : 
    insert 
    into
        member
        (company,created_at,deleted_at,email,github_url,image_url,name,oauth_id,updated_at,id) 
    values
        (?,?,?,?,?,?,?,?,?,default)
Hibernate: 
    insert 
    into
        member
        (company,created_at,deleted_at,email,github_url,image_url,name,oauth_id,updated_at,id) 
    values
        (?,?,?,?,?,?,?,?,?,default)
2023-07-30T14:45:37.397+09:00 TRACE 26299 --- [    Test worker] org.hibernate.orm.jdbc.bind              : binding parameter [1] as [VARCHAR] - [우아한형제들]
2023-07-30T14:45:37.397+09:00 TRACE 26299 --- [    Test worker] org.hibernate.orm.jdbc.bind              : binding parameter [2] as [TIMESTAMP] - [2023-07-30T14:45:37.397015]
2023-07-30T14:45:37.398+09:00 TRACE 26299 --- [    Test worker] org.hibernate.orm.jdbc.bind              : binding parameter [3] as [TIMESTAMP] - [null]
2023-07-30T14:45:37.398+09:00 TRACE 26299 --- [    Test worker] org.hibernate.orm.jdbc.bind              : binding parameter [4] as [VARCHAR] - [test@test.co.kr]
2023-07-30T14:45:37.398+09:00 TRACE 26299 --- [    Test worker] org.hibernate.orm.jdbc.bind              : binding parameter [5] as [VARCHAR] - [github.com/hyena0608]
2023-07-30T14:45:37.398+09:00 TRACE 26299 --- [    Test worker] org.hibernate.orm.jdbc.bind              : binding parameter [6] as [VARCHAR] - [홍혁준]
2023-07-30T14:45:37.398+09:00 TRACE 26299 --- [    Test worker] org.hibernate.orm.jdbc.bind              : binding parameter [7] as [VARCHAR] - [헤에디주]
2023-07-30T14:45:37.398+09:00 TRACE 26299 --- [    Test worker] org.hibernate.orm.jdbc.bind              : binding parameter [8] as [VARCHAR] - [dsigjh98gh230gn2oinv913bcuo23nqovbvu93b12voi3bc31j]
2023-07-30T14:45:37.398+09:00 TRACE 26299 --- [    Test worker] org.hibernate.orm.jdbc.bind              : binding parameter [9] as [TIMESTAMP] - [2023-07-30T14:45:37.397015]
2023-07-30T14:45:37.400+09:00 DEBUG 26299 --- [    Test worker] org.hibernate.SQL                        : 
    insert 
    into
        runner
        (created_at,deleted_at,grade,member_id,total_rating,updated_at,id) 
    values
        (?,?,?,?,?,?,default)
Hibernate: 
    insert 
    into
        runner
        (created_at,deleted_at,grade,member_id,total_rating,updated_at,id) 
    values
        (?,?,?,?,?,?,default)
2023-07-30T14:45:37.400+09:00 TRACE 26299 --- [    Test worker] org.hibernate.orm.jdbc.bind              : binding parameter [1] as [TIMESTAMP] - [2023-07-30T14:45:37.399749]
2023-07-30T14:45:37.400+09:00 TRACE 26299 --- [    Test worker] org.hibernate.orm.jdbc.bind              : binding parameter [2] as [TIMESTAMP] - [null]
2023-07-30T14:45:37.400+09:00 TRACE 26299 --- [    Test worker] org.hibernate.orm.jdbc.bind              : binding parameter [3] as [VARCHAR] - [BARE_FOOT]
2023-07-30T14:45:37.400+09:00 TRACE 26299 --- [    Test worker] org.hibernate.orm.jdbc.bind              : binding parameter [4] as [BIGINT] - [4]
2023-07-30T14:45:37.400+09:00 TRACE 26299 --- [    Test worker] org.hibernate.orm.jdbc.bind              : binding parameter [5] as [INTEGER] - [100]
2023-07-30T14:45:37.400+09:00 TRACE 26299 --- [    Test worker] org.hibernate.orm.jdbc.bind              : binding parameter [6] as [TIMESTAMP] - [2023-07-30T14:45:37.399749]
2023-07-30T14:45:37.402+09:00 DEBUG 26299 --- [    Test worker] org.hibernate.SQL                        : 
    select
        r1_0.id,
        r1_0.created_at,
        r1_0.deleted_at,
        r1_0.grade,
        r1_0.member_id,
        r1_0.total_rating,
        r1_0.updated_at 
    from
        runner r1_0 
    join
        member m1_0 
            on m1_0.id=r1_0.member_id 
    where
        r1_0.id=?
Hibernate: 
    select
        r1_0.id,
        r1_0.created_at,
        r1_0.deleted_at,
        r1_0.grade,
        r1_0.member_id,
        r1_0.total_rating,
        r1_0.updated_at 
    from
        runner r1_0 
    join
        member m1_0 
            on m1_0.id=r1_0.member_id 
    where
        r1_0.id=?
2023-07-30T14:45:37.403+09:00 TRACE 26299 --- [    Test worker] org.hibernate.orm.jdbc.bind              : binding parameter [1] as [BIGINT] - [3]
]]></system-out>
  <system-err><![CDATA[]]></system-err>
</testsuite>
