<?xml version="1.0" encoding="UTF-8"?>
<testsuite name="생성 테스트" tests="7" skipped="0" failures="0" errors="0" timestamp="2023-07-30T05:49:27" hostname="seokho-MacBookAir.local" time="0.004">
  <properties/>
  <testcase name="성공한다." classname="touch.baton.domain.member.MemberTest$Create" time="0.0"/>
  <testcase name="이메일에 null 이 들어갈 경우 예외가 발생한다." classname="touch.baton.domain.member.MemberTest$Create" time="0.0"/>
  <testcase name="imageUrl 에 null 이 들어갈 경우 예외가 발생한다." classname="touch.baton.domain.member.MemberTest$Create" time="0.001"/>
  <testcase name="github url 에 null 이 들어갈 경우 예외가 발생한다." classname="touch.baton.domain.member.MemberTest$Create" time="0.0"/>
  <testcase name="이름에 null 이 들어갈 경우 예외가 발생한다." classname="touch.baton.domain.member.MemberTest$Create" time="0.0"/>
  <testcase name="oauth id 에 null 이 들어갈 경우 예외가 발생한다." classname="touch.baton.domain.member.MemberTest$Create" time="0.0"/>
  <testcase name="company 에 null 이 들어갈 경우 예외가 발생한다." classname="touch.baton.domain.member.MemberTest$Create" time="0.001"/>
  <system-out><![CDATA[]]></system-out>
  <system-err><![CDATA[]]></system-err>
</testsuite>
