<?xml version="1.0" encoding="UTF-8"?>
<testsuite name="touch.baton.domain.runner.repository.RunnerRepositoryTest" tests="2" skipped="0" failures="0" errors="0" timestamp="2023-07-30T05:45:37" hostname="seokho-MacBookAir.local" time="0.028">
  <properties/>
  <testcase name="Runner 를 Member 와 조인해서 조회할 수 있다." classname="touch.baton.domain.runner.repository.RunnerRepositoryTest" time="0.02"/>
  <testcase name="식별자가 없으면 Optional.empty()가 반환된다." classname="touch.baton.domain.runner.repository.RunnerRepositoryTest" time="0.007"/>
  <system-out><![CDATA[2023-07-30T14:45:37.063+09:00  INFO 26299 --- [    Test worker] t.c.s.AnnotationConfigContextLoaderUtils : Could not detect default configuration classes for test class [touch.baton.domain.runner.repository.RunnerRepositoryTest]: RunnerRepositoryTest does not declare any static, non-private, non-final, nested classes annotated with @Configuration.
2023-07-30T14:45:37.078+09:00  INFO 26299 --- [    Test worker] .b.t.c.SpringBootTestContextBootstrapper : Found @SpringBootConfiguration touch.baton.BatonApplication for test class touch.baton.domain.runner.repository.RunnerRepositoryTest

  .   ____          _            __ _ _
 /\\ / ___'_ __ _ _(_)_ __  __ _ \ \ \ \
( ( )\___ | '_ | '_| | '_ \/ _` | \ \ \ \
 \\/  ___)| |_)| | | | | || (_| |  ) ) ) )
  '  |____| .__|_| |_|_| |_\__, | / / / /
 =========|_|==============|___/=/_/_/_/
 :: Spring Boot ::                (v3.1.1)

2023-07-30T14:45:37.090+09:00  INFO 26299 --- [    Test worker] t.b.d.r.repository.RunnerRepositoryTest  : Starting RunnerRepositoryTest using Java 17.0.8 with PID 26299 (started by seokho in /Users/seokho/Desktop/github-actions-playground/baton)
2023-07-30T14:45:37.091+09:00  INFO 26299 --- [    Test worker] t.b.d.r.repository.RunnerRepositoryTest  : No active profile set, falling back to 1 default profile: "default"
2023-07-30T14:45:37.132+09:00  INFO 26299 --- [    Test worker] .s.d.r.c.RepositoryConfigurationDelegate : Bootstrapping Spring Data JPA repositories in DEFAULT mode.
2023-07-30T14:45:37.142+09:00  INFO 26299 --- [    Test worker] .s.d.r.c.RepositoryConfigurationDelegate : Finished Spring Data repository scanning in 10 ms. Found 6 JPA repository interfaces.
2023-07-30T14:45:37.150+09:00  INFO 26299 --- [    Test worker] beddedDataSourceBeanFactoryPostProcessor : Replacing 'dataSource' DataSource bean with embedded version
2023-07-30T14:45:37.161+09:00  INFO 26299 --- [    Test worker] o.s.j.d.e.EmbeddedDatabaseFactory        : Starting embedded database: url='jdbc:h2:mem:fd643b04-3be2-4ba7-9218-05a43f2543a9;DB_CLOSE_DELAY=-1;DB_CLOSE_ON_EXIT=false', username='sa'
2023-07-30T14:45:37.177+09:00  INFO 26299 --- [    Test worker] o.hibernate.jpa.internal.util.LogHelper  : HHH000204: Processing PersistenceUnitInfo [name: default]
2023-07-30T14:45:37.180+09:00  INFO 26299 --- [    Test worker] o.h.b.i.BytecodeProviderInitiator        : HHH000021: Bytecode provider name : bytebuddy
2023-07-30T14:45:37.180+09:00  INFO 26299 --- [    Test worker] o.s.o.j.p.SpringPersistenceUnitInfo      : No LoadTimeWeaver setup: ignoring JPA class transformer
2023-07-30T14:45:37.200+09:00  INFO 26299 --- [    Test worker] o.h.b.i.BytecodeProviderInitiator        : HHH000021: Bytecode provider name : bytebuddy
2023-07-30T14:45:37.252+09:00  INFO 26299 --- [    Test worker] o.h.e.t.j.p.i.JtaPlatformInitiator       : HHH000490: Using JtaPlatform implementation: [org.hibernate.engine.transaction.jta.platform.internal.NoJtaPlatform]
2023-07-30T14:45:37.252+09:00 DEBUG 26299 --- [    Test worker] org.hibernate.SQL                        : 
    drop table if exists member cascade 
Hibernate: 
    drop table if exists member cascade 
2023-07-30T14:45:37.253+09:00 DEBUG 26299 --- [    Test worker] org.hibernate.SQL                        : 
    drop table if exists runner cascade 
Hibernate: 
    drop table if exists runner cascade 
2023-07-30T14:45:37.253+09:00 DEBUG 26299 --- [    Test worker] org.hibernate.SQL                        : 
    drop table if exists runner_post cascade 
Hibernate: 
    drop table if exists runner_post cascade 
2023-07-30T14:45:37.253+09:00 DEBUG 26299 --- [    Test worker] org.hibernate.SQL                        : 
    drop table if exists runner_post_tag cascade 
Hibernate: 
    drop table if exists runner_post_tag cascade 
2023-07-30T14:45:37.253+09:00 DEBUG 26299 --- [    Test worker] org.hibernate.SQL                        : 
    drop table if exists supporter cascade 
Hibernate: 
    drop table if exists supporter cascade 
2023-07-30T14:45:37.253+09:00 DEBUG 26299 --- [    Test worker] org.hibernate.SQL                        : 
    drop table if exists tag cascade 
Hibernate: 
    drop table if exists tag cascade 
2023-07-30T14:45:37.254+09:00 DEBUG 26299 --- [    Test worker] org.hibernate.SQL                        : 
    create table member (
        created_at timestamp(6) not null,
        deleted_at timestamp(6),
        id bigint generated by default as identity,
        updated_at timestamp(6) not null,
        company varchar(255) not null,
        email varchar(255) not null,
        github_url varchar(255) not null,
        image_url varchar(255) not null,
        name varchar(255) not null,
        oauth_id varchar(255) not null,
        primary key (id)
    )
Hibernate: 
    create table member (
        created_at timestamp(6) not null,
        deleted_at timestamp(6),
        id bigint generated by default as identity,
        updated_at timestamp(6) not null,
        company varchar(255) not null,
        email varchar(255) not null,
        github_url varchar(255) not null,
        image_url varchar(255) not null,
        name varchar(255) not null,
        oauth_id varchar(255) not null,
        primary key (id)
    )
2023-07-30T14:45:37.255+09:00 DEBUG 26299 --- [    Test worker] org.hibernate.SQL                        : 
    create table runner (
        total_rating integer default 0 not null,
        created_at timestamp(6) not null,
        deleted_at timestamp(6),
        id bigint generated by default as identity,
        member_id bigint not null unique,
        updated_at timestamp(6) not null,
        grade varchar(255) check (grade in ('BARE_FOOT')),
        primary key (id)
    )
Hibernate: 
    create table runner (
        total_rating integer default 0 not null,
        created_at timestamp(6) not null,
        deleted_at timestamp(6),
        id bigint generated by default as identity,
        member_id bigint not null unique,
        updated_at timestamp(6) not null,
        grade varchar(255) check (grade in ('BARE_FOOT')),
        primary key (id)
    )
2023-07-30T14:45:37.256+09:00 DEBUG 26299 --- [    Test worker] org.hibernate.SQL                        : 
    create table runner_post (
        chatting_room_count integer default 0 not null,
        watch_count integer default 0 not null,
        created_at timestamp(6) not null,
        deadline timestamp(6) not null,
        deleted_at timestamp(6),
        id bigint generated by default as identity,
        runner_id bigint not null,
        supporter_id bigint unique,
        updated_at timestamp(6) not null,
        pull_request_url varchar(2083) not null,
        contents TEXT not null,
        title varchar(255) not null,
        primary key (id)
    )
Hibernate: 
    create table runner_post (
        chatting_room_count integer default 0 not null,
        watch_count integer default 0 not null,
        created_at timestamp(6) not null,
        deadline timestamp(6) not null,
        deleted_at timestamp(6),
        id bigint generated by default as identity,
        runner_id bigint not null,
        supporter_id bigint unique,
        updated_at timestamp(6) not null,
        pull_request_url varchar(2083) not null,
        contents TEXT not null,
        title varchar(255) not null,
        primary key (id)
    )
2023-07-30T14:45:37.257+09:00 DEBUG 26299 --- [    Test worker] org.hibernate.SQL                        : 
    create table runner_post_tag (
        id bigint generated by default as identity,
        runner_post_id bigint not null,
        tag_id bigint not null,
        primary key (id)
    )
Hibernate: 
    create table runner_post_tag (
        id bigint generated by default as identity,
        runner_post_id bigint not null,
        tag_id bigint not null,
        primary key (id)
    )
2023-07-30T14:45:37.257+09:00 DEBUG 26299 --- [    Test worker] org.hibernate.SQL                        : 
    create table supporter (
        review_count integer default 0,
        star_count integer default 0 not null,
        total_rating integer default 0 not null,
        created_at timestamp(6) not null,
        deleted_at timestamp(6),
        id bigint generated by default as identity,
        member_id bigint not null unique,
        updated_at timestamp(6) not null,
        grade varchar(255) check (grade in ('BARE_FOOT')),
        primary key (id)
    )
Hibernate: 
    create table supporter (
        review_count integer default 0,
        star_count integer default 0 not null,
        total_rating integer default 0 not null,
        created_at timestamp(6) not null,
        deleted_at timestamp(6),
        id bigint generated by default as identity,
        member_id bigint not null unique,
        updated_at timestamp(6) not null,
        grade varchar(255) check (grade in ('BARE_FOOT')),
        primary key (id)
    )
2023-07-30T14:45:37.258+09:00 DEBUG 26299 --- [    Test worker] org.hibernate.SQL                        : 
    create table tag (
        tag_count integer default 1 not null,
        id bigint generated by default as identity,
        name varchar(255) not null unique,
        primary key (id)
    )
Hibernate: 
    create table tag (
        tag_count integer default 1 not null,
        id bigint generated by default as identity,
        name varchar(255) not null unique,
        primary key (id)
    )
2023-07-30T14:45:37.258+09:00 DEBUG 26299 --- [    Test worker] org.hibernate.SQL                        : 
    alter table if exists runner 
       add constraint fk_runner_member 
       foreign key (member_id) 
       references member
Hibernate: 
    alter table if exists runner 
       add constraint fk_runner_member 
       foreign key (member_id) 
       references member
2023-07-30T14:45:37.259+09:00 DEBUG 26299 --- [    Test worker] org.hibernate.SQL                        : 
    alter table if exists runner_post 
       add constraint fk_runner_post_runner 
       foreign key (runner_id) 
       references runner
Hibernate: 
    alter table if exists runner_post 
       add constraint fk_runner_post_runner 
       foreign key (runner_id) 
       references runner
2023-07-30T14:45:37.260+09:00 DEBUG 26299 --- [    Test worker] org.hibernate.SQL                        : 
    alter table if exists runner_post 
       add constraint fk_runner_post_supporter 
       foreign key (supporter_id) 
       references supporter
Hibernate: 
    alter table if exists runner_post 
       add constraint fk_runner_post_supporter 
       foreign key (supporter_id) 
       references supporter
2023-07-30T14:45:37.260+09:00 DEBUG 26299 --- [    Test worker] org.hibernate.SQL                        : 
    alter table if exists runner_post_tag 
       add constraint FKdxuwha2wuo61hv7e9h0g2hd9c 
       foreign key (runner_post_id) 
       references runner_post
Hibernate: 
    alter table if exists runner_post_tag 
       add constraint FKdxuwha2wuo61hv7e9h0g2hd9c 
       foreign key (runner_post_id) 
       references runner_post
2023-07-30T14:45:37.261+09:00 DEBUG 26299 --- [    Test worker] org.hibernate.SQL                        : 
    alter table if exists runner_post_tag 
       add constraint FKg31ppfu66xpw9cwq7j44kgsfb 
       foreign key (tag_id) 
       references tag
Hibernate: 
    alter table if exists runner_post_tag 
       add constraint FKg31ppfu66xpw9cwq7j44kgsfb 
       foreign key (tag_id) 
       references tag
2023-07-30T14:45:37.261+09:00 DEBUG 26299 --- [    Test worker] org.hibernate.SQL                        : 
    alter table if exists supporter 
       add constraint fk_supporter_member 
       foreign key (member_id) 
       references member
Hibernate: 
    alter table if exists supporter 
       add constraint fk_supporter_member 
       foreign key (member_id) 
       references member
2023-07-30T14:45:37.262+09:00  INFO 26299 --- [    Test worker] j.LocalContainerEntityManagerFactoryBean : Initialized JPA EntityManagerFactory for persistence unit 'default'
2023-07-30T14:45:37.345+09:00  INFO 26299 --- [    Test worker] t.b.d.r.repository.RunnerRepositoryTest  : Started RunnerRepositoryTest in 0.265 seconds (process running for 4.772)
2023-07-30T14:45:37.351+09:00 DEBUG 26299 --- [    Test worker] org.hibernate.SQL                        : 
    insert 
    into
        member
        (company,created_at,deleted_at,email,github_url,image_url,name,oauth_id,updated_at,id) 
    values
        (?,?,?,?,?,?,?,?,?,default)
Hibernate: 
    insert 
    into
        member
        (company,created_at,deleted_at,email,github_url,image_url,name,oauth_id,updated_at,id) 
    values
        (?,?,?,?,?,?,?,?,?,default)
2023-07-30T14:45:37.352+09:00 TRACE 26299 --- [    Test worker] org.hibernate.orm.jdbc.bind              : binding parameter [1] as [VARCHAR] - [우아한형제들]
2023-07-30T14:45:37.352+09:00 TRACE 26299 --- [    Test worker] org.hibernate.orm.jdbc.bind              : binding parameter [2] as [TIMESTAMP] - [2023-07-30T14:45:37.350124]
2023-07-30T14:45:37.352+09:00 TRACE 26299 --- [    Test worker] org.hibernate.orm.jdbc.bind              : binding parameter [3] as [TIMESTAMP] - [null]
2023-07-30T14:45:37.352+09:00 TRACE 26299 --- [    Test worker] org.hibernate.orm.jdbc.bind              : binding parameter [4] as [VARCHAR] - [test@test.co.kr]
2023-07-30T14:45:37.352+09:00 TRACE 26299 --- [    Test worker] org.hibernate.orm.jdbc.bind              : binding parameter [5] as [VARCHAR] - [github.com/hyena0608]
2023-07-30T14:45:37.352+09:00 TRACE 26299 --- [    Test worker] org.hibernate.orm.jdbc.bind              : binding parameter [6] as [VARCHAR] - [김석호]
2023-07-30T14:45:37.352+09:00 TRACE 26299 --- [    Test worker] org.hibernate.orm.jdbc.bind              : binding parameter [7] as [VARCHAR] - [헤에디주]
2023-07-30T14:45:37.352+09:00 TRACE 26299 --- [    Test worker] org.hibernate.orm.jdbc.bind              : binding parameter [8] as [VARCHAR] - [dsigjh98gh230gn2oinv913bcuo23nqovbvu93b12voi3bc31j]
2023-07-30T14:45:37.352+09:00 TRACE 26299 --- [    Test worker] org.hibernate.orm.jdbc.bind              : binding parameter [9] as [TIMESTAMP] - [2023-07-30T14:45:37.350124]
2023-07-30T14:45:37.357+09:00 DEBUG 26299 --- [    Test worker] org.hibernate.SQL                        : 
    insert 
    into
        runner
        (created_at,deleted_at,grade,member_id,total_rating,updated_at,id) 
    values
        (?,?,?,?,?,?,default)
Hibernate: 
    insert 
    into
        runner
        (created_at,deleted_at,grade,member_id,total_rating,updated_at,id) 
    values
        (?,?,?,?,?,?,default)
2023-07-30T14:45:37.358+09:00 TRACE 26299 --- [    Test worker] org.hibernate.orm.jdbc.bind              : binding parameter [1] as [TIMESTAMP] - [2023-07-30T14:45:37.355363]
2023-07-30T14:45:37.358+09:00 TRACE 26299 --- [    Test worker] org.hibernate.orm.jdbc.bind              : binding parameter [2] as [TIMESTAMP] - [null]
2023-07-30T14:45:37.358+09:00 TRACE 26299 --- [    Test worker] org.hibernate.orm.jdbc.bind              : binding parameter [3] as [VARCHAR] - [BARE_FOOT]
2023-07-30T14:45:37.358+09:00 TRACE 26299 --- [    Test worker] org.hibernate.orm.jdbc.bind              : binding parameter [4] as [BIGINT] - [1]
2023-07-30T14:45:37.358+09:00 TRACE 26299 --- [    Test worker] org.hibernate.orm.jdbc.bind              : binding parameter [5] as [INTEGER] - [100]
2023-07-30T14:45:37.358+09:00 TRACE 26299 --- [    Test worker] org.hibernate.orm.jdbc.bind              : binding parameter [6] as [TIMESTAMP] - [2023-07-30T14:45:37.355363]
2023-07-30T14:45:37.362+09:00 DEBUG 26299 --- [    Test worker] org.hibernate.SQL                        : 
    select
        r1_0.id,
        r1_0.created_at,
        r1_0.deleted_at,
        r1_0.grade,
        r1_0.member_id,
        r1_0.total_rating,
        r1_0.updated_at 
    from
        runner r1_0 
    join
        member m1_0 
            on m1_0.id=r1_0.member_id 
    where
        r1_0.id=?
Hibernate: 
    select
        r1_0.id,
        r1_0.created_at,
        r1_0.deleted_at,
        r1_0.grade,
        r1_0.member_id,
        r1_0.total_rating,
        r1_0.updated_at 
    from
        runner r1_0 
    join
        member m1_0 
            on m1_0.id=r1_0.member_id 
    where
        r1_0.id=?
2023-07-30T14:45:37.362+09:00 TRACE 26299 --- [    Test worker] org.hibernate.orm.jdbc.bind              : binding parameter [1] as [BIGINT] - [1]
2023-07-30T14:45:37.368+09:00 DEBUG 26299 --- [    Test worker] org.hibernate.SQL                        : 
    insert 
    into
        member
        (company,created_at,deleted_at,email,github_url,image_url,name,oauth_id,updated_at,id) 
    values
        (?,?,?,?,?,?,?,?,?,default)
Hibernate: 
    insert 
    into
        member
        (company,created_at,deleted_at,email,github_url,image_url,name,oauth_id,updated_at,id) 
    values
        (?,?,?,?,?,?,?,?,?,default)
2023-07-30T14:45:37.369+09:00 TRACE 26299 --- [    Test worker] org.hibernate.orm.jdbc.bind              : binding parameter [1] as [VARCHAR] - [우아한형제들]
2023-07-30T14:45:37.369+09:00 TRACE 26299 --- [    Test worker] org.hibernate.orm.jdbc.bind              : binding parameter [2] as [TIMESTAMP] - [2023-07-30T14:45:37.368589]
2023-07-30T14:45:37.369+09:00 TRACE 26299 --- [    Test worker] org.hibernate.orm.jdbc.bind              : binding parameter [3] as [TIMESTAMP] - [null]
2023-07-30T14:45:37.369+09:00 TRACE 26299 --- [    Test worker] org.hibernate.orm.jdbc.bind              : binding parameter [4] as [VARCHAR] - [test@test.co.kr]
2023-07-30T14:45:37.369+09:00 TRACE 26299 --- [    Test worker] org.hibernate.orm.jdbc.bind              : binding parameter [5] as [VARCHAR] - [github.com/hyena0608]
2023-07-30T14:45:37.369+09:00 TRACE 26299 --- [    Test worker] org.hibernate.orm.jdbc.bind              : binding parameter [6] as [VARCHAR] - [김석호]
2023-07-30T14:45:37.369+09:00 TRACE 26299 --- [    Test worker] org.hibernate.orm.jdbc.bind              : binding parameter [7] as [VARCHAR] - [헤에디주]
2023-07-30T14:45:37.369+09:00 TRACE 26299 --- [    Test worker] org.hibernate.orm.jdbc.bind              : binding parameter [8] as [VARCHAR] - [dsigjh98gh230gn2oinv913bcuo23nqovbvu93b12voi3bc31j]
2023-07-30T14:45:37.369+09:00 TRACE 26299 --- [    Test worker] org.hibernate.orm.jdbc.bind              : binding parameter [9] as [TIMESTAMP] - [2023-07-30T14:45:37.368589]
2023-07-30T14:45:37.371+09:00 DEBUG 26299 --- [    Test worker] org.hibernate.SQL                        : 
    select
        r1_0.id,
        r1_0.created_at,
        r1_0.deleted_at,
        r1_0.grade,
        r1_0.member_id,
        r1_0.total_rating,
        r1_0.updated_at 
    from
        runner r1_0 
    join
        member m1_0 
            on m1_0.id=r1_0.member_id 
    where
        r1_0.id=?
Hibernate: 
    select
        r1_0.id,
        r1_0.created_at,
        r1_0.deleted_at,
        r1_0.grade,
        r1_0.member_id,
        r1_0.total_rating,
        r1_0.updated_at 
    from
        runner r1_0 
    join
        member m1_0 
            on m1_0.id=r1_0.member_id 
    where
        r1_0.id=?
2023-07-30T14:45:37.372+09:00 TRACE 26299 --- [    Test worker] org.hibernate.orm.jdbc.bind              : binding parameter [1] as [BIGINT] - [999]
]]></system-out>
  <system-err><![CDATA[]]></system-err>
</testsuite>
