<?xml version="1.0" encoding="UTF-8"?>
<testsuite name="생성 테스트" tests="4" skipped="0" failures="0" errors="0" timestamp="2023-07-30T05:41:27" hostname="seokho-MacBookAir.local" time="0.002">
  <properties/>
  <testcase name="성공한다." classname="touch.baton.domain.runner.RunnerTest$Create" time="0.001"/>
  <testcase name="grade 가 null 이 들어갈 경우 예외가 발생한다." classname="touch.baton.domain.runner.RunnerTest$Create" time="0.0"/>
  <testcase name="totalRating 이 null 이 들어갈 경우 예외가 발생한다." classname="touch.baton.domain.runner.RunnerTest$Create" time="0.0"/>
  <testcase name="member 가 null 이 들어갈 경우 예외가 발생한다." classname="touch.baton.domain.runner.RunnerTest$Create" time="0.0"/>
  <system-out><![CDATA[]]></system-out>
  <system-err><![CDATA[]]></system-err>
</testsuite>
