<?xml version="1.0" encoding="UTF-8"?>
<testsuite name="touch.baton.domain.member.vo.CompanyTest" tests="1" skipped="0" failures="0" errors="0" timestamp="2023-07-30T05:41:27" hostname="seokho-MacBookAir.local" time="0.001">
  <properties/>
  <testcase name="value 가 null 이면 예외가 발생한다." classname="touch.baton.domain.member.vo.CompanyTest" time="0.001"/>
  <system-out><![CDATA[]]></system-out>
  <system-err><![CDATA[]]></system-err>
</testsuite>
