<?xml version="1.0" encoding="UTF-8"?>
<testsuite name="touch.baton.domain.common.vo.WatchedCountTest" tests="1" skipped="0" failures="0" errors="0" timestamp="2023-07-30T05:41:27" hostname="seokho-MacBookAir.local" time="0.0">
  <properties/>
  <testcase name="기본 조회수를 가진 WatchedCount 를 생성할 수 있다." classname="touch.baton.domain.common.vo.WatchedCountTest" time="0.0"/>
  <system-out><![CDATA[]]></system-out>
  <system-err><![CDATA[]]></system-err>
</testsuite>
